Source Code/Twitter Clone/ParseStarterProject/build/intermediates/manifest_merge_blame_file/debug/manifest-merger-blame-debug-report.txt
1<?xml version="1.0" encoding="utf-8"?>
2<manifest xmlns:android="http://schemas.android.com/apk/res/android"
3    package="com.parse.starter"
4    android:versionCode="1"
5    android:versionName="1.0" >
6
7    <uses-sdk
8        android:minSdkVersion="16"
8-->src\main\AndroidManifest.xml
9        android:targetSdkVersion="29" />
9-->src\main\AndroidManifest.xml
10
11    <uses-permission android:name="android.permission.INTERNET" />
11-->src\main\AndroidManifest.xml:5:5-67
11-->src\main\AndroidManifest.xml:5:22-64
12    <uses-permission android:name="android.permission.ACCESS_NETWORK_STATE" />
12-->src\main\AndroidManifest.xml:6:5-79
12-->src\main\AndroidManifest.xml:6:22-76
13    <uses-permission android:name="android.permission.READ_EXTERNAL_STORAGE" />
13-->src\main\AndroidManifest.xml:7:5-80
13-->src\main\AndroidManifest.xml:7:22-77
14    <uses-permission android:name="android.permission.ACCESS_FINE_LOCATION" />
14-->src\main\AndroidManifest.xml:8:5-79
14-->src\main\AndroidManifest.xml:8:22-76
15
16    <!-- Optional permission for Analytics to run. -->
17    <uses-permission android:name="android.permission.WAKE_LOCK" /> <!-- Required by older versions of Google Play services to create GCM registration tokens -->
17-->[com.google.android.gms:play-services-analytics:12.0.1] AndroidManifest.xml:27:5-68
17-->[com.google.android.gms:play-services-analytics:12.0.1] AndroidManifest.xml:27:22-65
18    <uses-permission android:name="com.google.android.c2dm.permission.RECEIVE" />
18-->[com.google.android.gms:play-services-gcm:12.0.1] AndroidManifest.xml:23:5-82
18-->[com.google.android.gms:play-services-gcm:12.0.1] AndroidManifest.xml:23:22-79
19
20    <uses-feature
20-->[com.google.android.gms:play-services-maps:12.0.1] AndroidManifest.xml:26:5-28:35
21        android:glEsVersion="0x00020000"
21-->[com.google.android.gms:play-services-maps:12.0.1] AndroidManifest.xml:27:9-41
22        android:required="true" />
22-->[com.google.android.gms:play-services-maps:12.0.1] AndroidManifest.xml:28:9-32
23
24    <permission
24-->[com.google.firebase:firebase-iid:12.0.1] AndroidManifest.xml:28:5-30:47
25        android:name="com.parse.starter.permission.C2D_MESSAGE"
25-->[com.google.firebase:firebase-iid:12.0.1] AndroidManifest.xml:29:9-63
26        android:protectionLevel="signature" />
26-->[com.google.firebase:firebase-iid:12.0.1] AndroidManifest.xml:30:9-44
27
28    <uses-permission android:name="com.parse.starter.permission.C2D_MESSAGE" />
28-->[com.google.firebase:firebase-iid:12.0.1] AndroidManifest.xml:32:5-79
28-->[com.google.firebase:firebase-iid:12.0.1] AndroidManifest.xml:32:22-76
29
30    <application
30-->src\main\AndroidManifest.xml:10:5-28:19
31        android:name="com.parse.starter.StarterApplication"
31-->src\main\AndroidManifest.xml:11:9-43
32        android:allowBackup="true"
32-->src\main\AndroidManifest.xml:12:9-35
33        android:appComponentFactory="android.support.v4.app.CoreComponentFactory"
33-->[com.android.support:support-compat:28.0.0] AndroidManifest.xml:22:18-91
34        android:debuggable="true"
35        android:icon="@mipmap/ic_launcher"
35-->src\main\AndroidManifest.xml:13:9-43
36        android:label="Twitter Clone"
36-->src\main\AndroidManifest.xml:14:9-38
37        android:theme="@style/AppTheme"
37-->src\main\AndroidManifest.xml:15:9-40
38        android:usesCleartextTraffic="true" >
38-->src\main\AndroidManifest.xml:16:9-44
39        <activity android:name="com.parse.starter.FeedActivity" />
39-->src\main\AndroidManifest.xml:17:9-59
39-->src\main\AndroidManifest.xml:17:19-47
40        <activity android:name="com.parse.starter.UsersActivity" />
40-->src\main\AndroidManifest.xml:18:9-51
40-->src\main\AndroidManifest.xml:18:19-48
41        <activity
41-->src\main\AndroidManifest.xml:19:9-27:20
42            android:name="com.parse.starter.MainActivity"
42-->src\main\AndroidManifest.xml:20:13-41
43            android:label="Twitter Clone" >
43-->src\main\AndroidManifest.xml:21:13-42
44            <intent-filter>
44-->src\main\AndroidManifest.xml:22:13-26:29
45                <action android:name="android.intent.action.MAIN" />
45-->src\main\AndroidManifest.xml:23:17-69
45-->src\main\AndroidManifest.xml:23:25-66
46
47                <category android:name="android.intent.category.LAUNCHER" />
47-->src\main\AndroidManifest.xml:25:17-77
47-->src\main\AndroidManifest.xml:25:27-74
48            </intent-filter>
49        </activity>
50
51        <receiver android:name="com.google.android.gms.cast.framework.media.MediaIntentReceiver" />
51-->[com.google.android.gms:play-services-cast-framework:12.0.1] AndroidManifest.xml:8:9-100
51-->[com.google.android.gms:play-services-cast-framework:12.0.1] AndroidManifest.xml:8:19-97
52
53        <service android:name="com.google.android.gms.cast.framework.media.MediaNotificationService" />
53-->[com.google.android.gms:play-services-cast-framework:12.0.1] AndroidManifest.xml:10:9-104
53-->[com.google.android.gms:play-services-cast-framework:12.0.1] AndroidManifest.xml:10:18-101
54        <service android:name="com.google.android.gms.cast.framework.ReconnectionService" />
54-->[com.google.android.gms:play-services-cast-framework:12.0.1] AndroidManifest.xml:11:9-93
54-->[com.google.android.gms:play-services-cast-framework:12.0.1] AndroidManifest.xml:11:18-90
55
56        <meta-data
56-->[com.android.support:mediarouter-v7:26.1.0] AndroidManifest.xml:23:9-25:38
57            android:name="android.support.VERSION"
57-->[com.android.support:mediarouter-v7:26.1.0] AndroidManifest.xml:24:13-51
58            android:value="26.1.0" /> <!-- Include the AdActivity and InAppPurchaseActivity configChanges and themes. -->
58-->[com.android.support:mediarouter-v7:26.1.0] AndroidManifest.xml:25:13-35
59        <activity
59-->[com.google.android.gms:play-services-ads-lite:12.0.1] AndroidManifest.xml:29:9-33:64
60            android:name="com.google.android.gms.ads.AdActivity"
60-->[com.google.android.gms:play-services-ads-lite:12.0.1] AndroidManifest.xml:30:13-65
61            android:configChanges="keyboard|keyboardHidden|orientation|screenLayout|uiMode|screenSize|smallestScreenSize"
61-->[com.google.android.gms:play-services-ads-lite:12.0.1] AndroidManifest.xml:31:13-122
62            android:exported="false"
62-->[com.google.android.gms:play-services-ads-lite:12.0.1] AndroidManifest.xml:32:13-37
63            android:theme="@android:style/Theme.Translucent" />
63-->[com.google.android.gms:play-services-ads-lite:12.0.1] AndroidManifest.xml:33:13-61
64
65        <receiver
65-->[com.google.android.gms:play-services-analytics:12.0.1] AndroidManifest.xml:30:9-34:20
66            android:name="com.google.android.gms.analytics.AnalyticsReceiver"
66-->[com.google.android.gms:play-services-analytics:12.0.1] AndroidManifest.xml:31:13-78
67            android:enabled="true"
67-->[com.google.android.gms:play-services-analytics:12.0.1] AndroidManifest.xml:32:13-35
68            android:exported="false" >
68-->[com.google.android.gms:play-services-analytics:12.0.1] AndroidManifest.xml:33:13-37
69        </receiver>
70
71        <service
71-->[com.google.android.gms:play-services-analytics:12.0.1] AndroidManifest.xml:36:9-39:40
72            android:name="com.google.android.gms.analytics.AnalyticsService"
72-->[com.google.android.gms:play-services-analytics:12.0.1] AndroidManifest.xml:37:13-77
73            android:enabled="true"
73-->[com.google.android.gms:play-services-analytics:12.0.1] AndroidManifest.xml:38:13-35
74            android:exported="false" />
74-->[com.google.android.gms:play-services-analytics:12.0.1] AndroidManifest.xml:39:13-37
75        <service
75-->[com.google.android.gms:play-services-analytics:12.0.1] AndroidManifest.xml:40:9-44:72
76            android:name="com.google.android.gms.analytics.AnalyticsJobService"
76-->[com.google.android.gms:play-services-analytics:12.0.1] AndroidManifest.xml:41:13-80
77            android:enabled="true"
77-->[com.google.android.gms:play-services-analytics:12.0.1] AndroidManifest.xml:42:13-35
78            android:exported="false"
78-->[com.google.android.gms:play-services-analytics:12.0.1] AndroidManifest.xml:43:13-37
79            android:permission="android.permission.BIND_JOB_SERVICE" />
79-->[com.google.android.gms:play-services-analytics:12.0.1] AndroidManifest.xml:44:13-69
80
81        <activity
81-->[com.google.android.gms:play-services-appinvite:12.0.1] AndroidManifest.xml:25:9-34:20
82            android:name="com.google.android.gms.appinvite.PreviewActivity"
82-->[com.google.android.gms:play-services-appinvite:12.0.1] AndroidManifest.xml:26:13-76
83            android:exported="true"
83-->[com.google.android.gms:play-services-appinvite:12.0.1] AndroidManifest.xml:27:13-36
84            android:theme="@style/Theme.AppInvite.Preview" >
84-->[com.google.android.gms:play-services-appinvite:12.0.1] AndroidManifest.xml:28:13-59
85            <intent-filter>
85-->[com.google.android.gms:play-services-appinvite:12.0.1] AndroidManifest.xml:29:13-33:29
86                <action android:name="com.google.android.gms.appinvite.ACTION_PREVIEW" />
86-->[com.google.android.gms:play-services-appinvite:12.0.1] AndroidManifest.xml:30:17-90
86-->[com.google.android.gms:play-services-appinvite:12.0.1] AndroidManifest.xml:30:25-87
87
88                <category android:name="android.intent.category.DEFAULT" />
88-->[com.google.android.gms:play-services-appinvite:12.0.1] AndroidManifest.xml:32:17-76
88-->[com.google.android.gms:play-services-appinvite:12.0.1] AndroidManifest.xml:32:27-73
89            </intent-filter>
90        </activity>
91        <activity
91-->[com.google.android.gms:play-services-auth:12.0.1] AndroidManifest.xml:23:9-27:75
92            android:name="com.google.android.gms.auth.api.signin.internal.SignInHubActivity"
92-->[com.google.android.gms:play-services-auth:12.0.1] AndroidManifest.xml:24:13-93
93            android:excludeFromRecents="true"
93-->[com.google.android.gms:play-services-auth:12.0.1] AndroidManifest.xml:25:13-46
94            android:exported="false"
94-->[com.google.android.gms:play-services-auth:12.0.1] AndroidManifest.xml:26:13-37
95            android:theme="@android:style/Theme.Translucent.NoTitleBar" />
95-->[com.google.android.gms:play-services-auth:12.0.1] AndroidManifest.xml:27:13-72
96        <!--
97            Service handling Google Sign-In user revocation. For apps that do not integrate with
98            Google Sign-In, this service will never be started.
99        -->
100        <service
100-->[com.google.android.gms:play-services-auth:12.0.1] AndroidManifest.xml:33:9-36:110
101            android:name="com.google.android.gms.auth.api.signin.RevocationBoundService"
101-->[com.google.android.gms:play-services-auth:12.0.1] AndroidManifest.xml:34:13-89
102            android:exported="true"
102-->[com.google.android.gms:play-services-auth:12.0.1] AndroidManifest.xml:35:13-36
103            android:permission="com.google.android.gms.auth.api.signin.permission.REVOCATION_NOTIFICATION" />
103-->[com.google.android.gms:play-services-auth:12.0.1] AndroidManifest.xml:36:13-107
104
105        <activity
105-->[com.google.firebase:firebase-auth:12.0.1] AndroidManifest.xml:23:9-29:75
106            android:name="com.google.firebase.auth.internal.FederatedSignInActivity"
106-->[com.google.firebase:firebase-auth:12.0.1] AndroidManifest.xml:24:13-85
107            android:excludeFromRecents="true"
107-->[com.google.firebase:firebase-auth:12.0.1] AndroidManifest.xml:25:13-46
108            android:exported="true"
108-->[com.google.firebase:firebase-auth:12.0.1] AndroidManifest.xml:26:13-36
109            android:launchMode="singleInstance"
109-->[com.google.firebase:firebase-auth:12.0.1] AndroidManifest.xml:27:13-48
110            android:permission="com.google.firebase.auth.api.gms.permission.LAUNCH_FEDERATED_SIGN_IN"
110-->[com.google.firebase:firebase-auth:12.0.1] AndroidManifest.xml:28:13-102
111            android:theme="@android:style/Theme.Translucent.NoTitleBar" />
111-->[com.google.firebase:firebase-auth:12.0.1] AndroidManifest.xml:29:13-72
112        <activity
112-->[com.google.android.gms:play-services-base:12.0.1] AndroidManifest.xml:23:9-26:75
113            android:name="com.google.android.gms.common.api.GoogleApiActivity"
113-->[com.google.android.gms:play-services-base:12.0.1] AndroidManifest.xml:24:13-79
114            android:exported="false"
114-->[com.google.android.gms:play-services-base:12.0.1] AndroidManifest.xml:25:13-37
115            android:theme="@android:style/Theme.Translucent.NoTitleBar" />
115-->[com.google.android.gms:play-services-base:12.0.1] AndroidManifest.xml:26:13-72
116        <!--
117             FirebaseMessagingService performs security checks at runtime,
118             no need for explicit permissions despite exported="true"
119        -->
120        <service
120-->[com.google.firebase:firebase-messaging:12.0.1] AndroidManifest.xml:28:9-34:19
121            android:name="com.google.firebase.messaging.FirebaseMessagingService"
121-->[com.google.firebase:firebase-messaging:12.0.1] AndroidManifest.xml:29:13-82
122            android:exported="true" >
122-->[com.google.firebase:firebase-messaging:12.0.1] AndroidManifest.xml:30:13-36
123            <intent-filter android:priority="-500" >
123-->[com.google.firebase:firebase-messaging:12.0.1] AndroidManifest.xml:31:13-33:29
123-->[com.google.firebase:firebase-messaging:12.0.1] AndroidManifest.xml:31:28-51
124                <action android:name="com.google.firebase.MESSAGING_EVENT" />
124-->[com.google.firebase:firebase-messaging:12.0.1] AndroidManifest.xml:32:17-78
124-->[com.google.firebase:firebase-messaging:12.0.1] AndroidManifest.xml:32:25-75
125            </intent-filter>
126        </service>
127        <service
127-->[com.google.android.gms:play-services-tagmanager-api:12.0.1] AndroidManifest.xml:27:9-30:40
128            android:name="com.google.android.gms.tagmanager.TagManagerService"
128-->[com.google.android.gms:play-services-tagmanager-api:12.0.1] AndroidManifest.xml:28:13-79
129            android:enabled="true"
129-->[com.google.android.gms:play-services-tagmanager-api:12.0.1] AndroidManifest.xml:29:13-35
130            android:exported="false" />
130-->[com.google.android.gms:play-services-tagmanager-api:12.0.1] AndroidManifest.xml:30:13-37
131
132        <activity
132-->[com.google.android.gms:play-services-tagmanager-api:12.0.1] AndroidManifest.xml:32:9-44:20
133            android:name="com.google.android.gms.tagmanager.TagManagerPreviewActivity"
133-->[com.google.android.gms:play-services-tagmanager-api:12.0.1] AndroidManifest.xml:33:13-87
134            android:exported="true"
134-->[com.google.android.gms:play-services-tagmanager-api:12.0.1] AndroidManifest.xml:34:13-36
135            android:noHistory="true" > <!-- optional, removes the previewActivity from the activity stack. -->
135-->[com.google.android.gms:play-services-tagmanager-api:12.0.1] AndroidManifest.xml:35:13-37
136            <intent-filter>
136-->[com.google.android.gms:play-services-tagmanager-api:12.0.1] AndroidManifest.xml:36:13-43:29
137                <data android:scheme="tagmanager.c.com.parse.starter" />
137-->[com.google.android.gms:play-services-tagmanager-api:12.0.1] AndroidManifest.xml:37:17-72
137-->[com.google.android.gms:play-services-tagmanager-api:12.0.1] AndroidManifest.xml:37:23-69
138
139                <action android:name="android.intent.action.VIEW" />
139-->[com.google.android.gms:play-services-tagmanager-api:12.0.1] AndroidManifest.xml:39:17-69
139-->[com.google.android.gms:play-services-tagmanager-api:12.0.1] AndroidManifest.xml:39:25-66
140
141                <category android:name="android.intent.category.DEFAULT" />
141-->[com.google.android.gms:play-services-appinvite:12.0.1] AndroidManifest.xml:32:17-76
141-->[com.google.android.gms:play-services-appinvite:12.0.1] AndroidManifest.xml:32:27-73
142                <category android:name="android.intent.category.BROWSABLE" />
142-->[com.google.android.gms:play-services-tagmanager-api:12.0.1] AndroidManifest.xml:42:17-78
142-->[com.google.android.gms:play-services-tagmanager-api:12.0.1] AndroidManifest.xml:42:27-75
143            </intent-filter>
144        </activity>
145
146        <receiver
146-->[com.google.firebase:firebase-analytics:12.0.1] AndroidManifest.xml:28:9-32:20
147            android:name="com.google.android.gms.measurement.AppMeasurementReceiver"
147-->[com.google.firebase:firebase-analytics:12.0.1] AndroidManifest.xml:29:13-85
148            android:enabled="true"
148-->[com.google.firebase:firebase-analytics:12.0.1] AndroidManifest.xml:30:13-35
149            android:exported="false" >
149-->[com.google.firebase:firebase-analytics:12.0.1] AndroidManifest.xml:31:13-37
150        </receiver>
151        <receiver
151-->[com.google.firebase:firebase-analytics:12.0.1] AndroidManifest.xml:33:9-41:20
152            android:name="com.google.android.gms.measurement.AppMeasurementInstallReferrerReceiver"
152-->[com.google.firebase:firebase-analytics:12.0.1] AndroidManifest.xml:34:13-100
153            android:enabled="true"
153-->[com.google.firebase:firebase-analytics:12.0.1] AndroidManifest.xml:35:13-35
154            android:exported="true"
154-->[com.google.firebase:firebase-analytics:12.0.1] AndroidManifest.xml:36:13-36
155            android:permission="android.permission.INSTALL_PACKAGES" >
155-->[com.google.firebase:firebase-analytics:12.0.1] AndroidManifest.xml:37:13-69
156            <intent-filter>
156-->[com.google.firebase:firebase-analytics:12.0.1] AndroidManifest.xml:38:13-40:29
157                <action android:name="com.android.vending.INSTALL_REFERRER" />
157-->[com.google.firebase:firebase-analytics:12.0.1] AndroidManifest.xml:39:17-79
157-->[com.google.firebase:firebase-analytics:12.0.1] AndroidManifest.xml:39:25-76
158            </intent-filter>
159        </receiver>
160
161        <service
161-->[com.google.firebase:firebase-analytics:12.0.1] AndroidManifest.xml:43:9-46:40
162            android:name="com.google.android.gms.measurement.AppMeasurementService"
162-->[com.google.firebase:firebase-analytics:12.0.1] AndroidManifest.xml:44:13-84
163            android:enabled="true"
163-->[com.google.firebase:firebase-analytics:12.0.1] AndroidManifest.xml:45:13-35
164            android:exported="false" />
164-->[com.google.firebase:firebase-analytics:12.0.1] AndroidManifest.xml:46:13-37
165        <service
165-->[com.google.firebase:firebase-analytics:12.0.1] AndroidManifest.xml:47:9-51:72
166            android:name="com.google.android.gms.measurement.AppMeasurementJobService"
166-->[com.google.firebase:firebase-analytics:12.0.1] AndroidManifest.xml:48:13-87
167            android:enabled="true"
167-->[com.google.firebase:firebase-analytics:12.0.1] AndroidManifest.xml:49:13-35
168            android:exported="false"
168-->[com.google.firebase:firebase-analytics:12.0.1] AndroidManifest.xml:50:13-37
169            android:permission="android.permission.BIND_JOB_SERVICE" />
169-->[com.google.firebase:firebase-analytics:12.0.1] AndroidManifest.xml:51:13-69
170
171        <receiver
171-->[com.google.firebase:firebase-iid:12.0.1] AndroidManifest.xml:35:9-44:20
172            android:name="com.google.firebase.iid.FirebaseInstanceIdReceiver"
172-->[com.google.firebase:firebase-iid:12.0.1] AndroidManifest.xml:36:13-78
173            android:exported="true"
173-->[com.google.firebase:firebase-iid:12.0.1] AndroidManifest.xml:37:13-36
174            android:permission="com.google.android.c2dm.permission.SEND" >
174-->[com.google.firebase:firebase-iid:12.0.1] AndroidManifest.xml:38:13-73
175            <intent-filter>
175-->[com.google.firebase:firebase-iid:12.0.1] AndroidManifest.xml:39:13-43:29
176                <action android:name="com.google.android.c2dm.intent.RECEIVE" />
176-->[com.google.firebase:firebase-iid:12.0.1] AndroidManifest.xml:40:17-81
176-->[com.google.firebase:firebase-iid:12.0.1] AndroidManifest.xml:40:25-78
177
178                <category android:name="com.parse.starter" />
178-->[com.google.firebase:firebase-iid:12.0.1] AndroidManifest.xml:42:17-61
178-->[com.google.firebase:firebase-iid:12.0.1] AndroidManifest.xml:42:27-58
179            </intent-filter>
180        </receiver>
181        <!--
182             FirebaseInstanceIdService performs security checks at runtime,
183             no need for explicit permissions despite exported="true"
184        -->
185        <service
185-->[com.google.firebase:firebase-iid:12.0.1] AndroidManifest.xml:50:9-56:19
186            android:name="com.google.firebase.iid.FirebaseInstanceIdService"
186-->[com.google.firebase:firebase-iid:12.0.1] AndroidManifest.xml:51:13-77
187            android:exported="true" >
187-->[com.google.firebase:firebase-iid:12.0.1] AndroidManifest.xml:52:13-36
188            <intent-filter android:priority="-500" >
188-->[com.google.firebase:firebase-iid:12.0.1] AndroidManifest.xml:53:13-55:29
188-->[com.google.firebase:firebase-iid:12.0.1] AndroidManifest.xml:53:28-51
189                <action android:name="com.google.firebase.INSTANCE_ID_EVENT" />
189-->[com.google.firebase:firebase-iid:12.0.1] AndroidManifest.xml:54:17-80
189-->[com.google.firebase:firebase-iid:12.0.1] AndroidManifest.xml:54:25-77
190            </intent-filter>
191        </service>
192
193        <provider
193-->[com.google.firebase:firebase-common:12.0.1] AndroidManifest.xml:8:9-12:39
194            android:name="com.google.firebase.provider.FirebaseInitProvider"
194-->[com.google.firebase:firebase-common:12.0.1] AndroidManifest.xml:9:13-77
195            android:authorities="com.parse.starter.firebaseinitprovider"
195-->[com.google.firebase:firebase-common:12.0.1] AndroidManifest.xml:10:13-72
196            android:exported="false"
196-->[com.google.firebase:firebase-common:12.0.1] AndroidManifest.xml:11:13-37
197            android:initOrder="100" />
197-->[com.google.firebase:firebase-common:12.0.1] AndroidManifest.xml:12:13-36
198
199        <meta-data
199-->[com.google.android.gms:play-services-basement:12.0.1] AndroidManifest.xml:23:9-25:69
200            android:name="com.google.android.gms.version"
200-->[com.google.android.gms:play-services-basement:12.0.1] AndroidManifest.xml:24:13-58
201            android:value="@integer/google_play_services_version" />
201-->[com.google.android.gms:play-services-basement:12.0.1] AndroidManifest.xml:25:13-66
202    </application>
203
204</manifest>